<?xml version="1.0" encoding="UTF-8"?>
<testng-results ignored="0" total="1" passed="1" failed="0" skipped="0">
  <reporter-output>
  </reporter-output>
  <suite started-at="2024-12-05T15:01:51 IST" name="Default Suite" finished-at="2024-12-05T15:01:58 IST" duration-ms="6982">
    <groups>
      <group name="cucumber">
        <method signature="AbstractTestNGCucumberTests.runScenario(io.cucumber.testng.PickleWrapper,io.cucumber.testng.FeatureWrapper)[pri:0, instance:rev.project.runners.HomePageRunner@1afd44cb]" name="runScenario" class="io.cucumber.testng.AbstractTestNGCucumberTests"/>
      </group> <!-- cucumber -->
    </groups>
    <test started-at="2024-12-05T15:01:51 IST" name="amzonWebSiteTesting" finished-at="2024-12-05T15:01:58 IST" duration-ms="6982">
      <class name="rev.project.runners.HomePageRunner">
        <test-method is-config="true" signature="setUpClass(org.testng.ITestContext)[pri:0, instance:rev.project.runners.HomePageRunner@1afd44cb]" started-at="2024-12-05T15:01:51 IST" name="setUpClass" finished-at="2024-12-05T15:01:52 IST" duration-ms="891" status="PASS">
          <params>
            <param index="0">
              <value>
                <![CDATA[org.testng.TestRunner@3c291aad]]>
              </value>
            </param>
          </params>
          <reporter-output>
          </reporter-output>
        </test-method> <!-- setUpClass -->
        <test-method signature="runScenario(io.cucumber.testng.PickleWrapper,io.cucumber.testng.FeatureWrapper)[pri:0, instance:rev.project.runners.HomePageRunner@1afd44cb]" started-at="2024-12-05T15:01:52 IST" name="runScenario" description="Runs Cucumber Scenarios" data-provider="scenarios" finished-at="2024-12-05T15:01:58 IST" duration-ms="6010" status="PASS">
          <params>
            <param index="0">
              <value>
                <![CDATA[""]]>
              </value>
            </param>
            <param index="1">
              <value>
                <![CDATA["Verify homepage load successfully and Validate the presence of critical elements like the search bar, cart icon, and account menu."]]>
              </value>
            </param>
          </params>
          <reporter-output>
          </reporter-output>
        </test-method> <!-- runScenario -->
        <test-method is-config="true" signature="tearDownClass()[pri:0, instance:rev.project.runners.HomePageRunner@1afd44cb]" started-at="2024-12-05T15:01:58 IST" name="tearDownClass" finished-at="2024-12-05T15:01:58 IST" duration-ms="16" status="PASS">
          <reporter-output>
          </reporter-output>
        </test-method> <!-- tearDownClass -->
      </class> <!-- rev.project.runners.HomePageRunner -->
    </test> <!-- amzonWebSiteTesting -->
  </suite> <!-- Default Suite -->
</testng-results>
